<?xml version="1.0" encoding="UTF-8"?>
<testsuite name="com.bridgelabz.addressbook.AddressBookTest" tests="1" skipped="0" failures="0" errors="0" timestamp="2019-12-06T06:48:01" hostname="admin1-LIVA-Z2V" time="0.004">
  <properties/>
  <testcase name="GivenFile_IfDelete_ShouldReturnTrue" classname="com.bridgelabz.addressbook.AddressBookTest" time="0.004"/>
  <system-out><![CDATA[]]></system-out>
  <system-err><![CDATA[]]></system-err>
</testsuite>
