<?xml version="1.0" encoding="UTF-8"?>
<testsuite name="com.bridgelabz.addressbook.AddressBookTest" tests="1" skipped="0" failures="0" errors="0" timestamp="2019-12-05T05:20:48" hostname="admin1-LIVA-Z2V" time="0.016">
  <properties/>
  <testcase name="checkGivenFile_IfNotPresent_ThenReturnFalse" classname="com.bridgelabz.addressbook.AddressBookTest" time="0.016"/>
  <system-out><![CDATA[]]></system-out>
  <system-err><![CDATA[]]></system-err>
</testsuite>
