<?xml version="1.0" encoding="UTF-8"?>
<testsuite name="com.bridgelabz.addressbook.AddressBookTest" tests="1" skipped="0" failures="0" errors="0" timestamp="2019-12-07T03:52:24" hostname="admin1-LIVA-Z2V" time="0.003">
  <properties/>
  <testcase name="GivenData_IFStoreInInvalidFile_ShouldThrowError" classname="com.bridgelabz.addressbook.AddressBookTest" time="0.003"/>
  <system-out><![CDATA[]]></system-out>
  <system-err><![CDATA[]]></system-err>
</testsuite>
